Determining if the pthread_create exist failed with the following output:
Change Dir: /home/marco/catkin_ws4/src/ardrone_helpers/joy/build/CMakeFiles/CMakeTmp

Run Build Command:/usr/bin/make "cmTryCompileExec1712283345/fast"
make[1]: se ingresa al directorio «/home/marco/catkin_ws4/src/ardrone_helpers/joy/build/CMakeFiles/CMakeTmp»
/usr/bin/make -f CMakeFiles/cmTryCompileExec1712283345.dir/build.make CMakeFiles/cmTryCompileExec1712283345.dir/build
make[2]: se ingresa al directorio «/home/marco/catkin_ws4/src/ardrone_helpers/joy/build/CMakeFiles/CMakeTmp»
/usr/bin/cmake -E cmake_progress_report /home/marco/catkin_ws4/src/ardrone_helpers/joy/build/CMakeFiles/CMakeTmp/CMakeFiles 1
Building C object CMakeFiles/cmTryCompileExec1712283345.dir/CheckSymbolExists.c.o
/usr/bin/cc    -o CMakeFiles/cmTryCompileExec1712283345.dir/CheckSymbolExists.c.o   -c /home/marco/catkin_ws4/src/ardrone_helpers/joy/build/CMakeFiles/CMakeTmp/CheckSymbolExists.c
Linking C executable cmTryCompileExec1712283345
/usr/bin/cmake -E cmake_link_script CMakeFiles/cmTryCompileExec1712283345.dir/link.txt --verbose=1
/usr/bin/cc       CMakeFiles/cmTryCompileExec1712283345.dir/CheckSymbolExists.c.o  -o cmTryCompileExec1712283345 -rdynamic 
CMakeFiles/cmTryCompileExec1712283345.dir/CheckSymbolExists.c.o: En la función `main':
CheckSymbolExists.c:(.text+0x16): referencia a `pthread_create' sin definir
collect2: error: ld returned 1 exit status
make[2]: *** [cmTryCompileExec1712283345] Error 1
make[2]: se sale del directorio «/home/marco/catkin_ws4/src/ardrone_helpers/joy/build/CMakeFiles/CMakeTmp»
make[1]: *** [cmTryCompileExec1712283345/fast] Error 2
make[1]: se sale del directorio «/home/marco/catkin_ws4/src/ardrone_helpers/joy/build/CMakeFiles/CMakeTmp»

File /home/marco/catkin_ws4/src/ardrone_helpers/joy/build/CMakeFiles/CMakeTmp/CheckSymbolExists.c:
/* */
#include <pthread.h>

int main(int argc, char** argv)
{
  (void)argv;
#ifndef pthread_create
  return ((int*)(&pthread_create))[argc];
#else
  (void)argc;
  return 0;
#endif
}

Determining if the function pthread_create exists in the pthreads failed with the following output:
Change Dir: /home/marco/catkin_ws4/src/ardrone_helpers/joy/build/CMakeFiles/CMakeTmp

Run Build Command:/usr/bin/make "cmTryCompileExec3483253592/fast"
make[1]: se ingresa al directorio «/home/marco/catkin_ws4/src/ardrone_helpers/joy/build/CMakeFiles/CMakeTmp»
/usr/bin/make -f CMakeFiles/cmTryCompileExec3483253592.dir/build.make CMakeFiles/cmTryCompileExec3483253592.dir/build
make[2]: se ingresa al directorio «/home/marco/catkin_ws4/src/ardrone_helpers/joy/build/CMakeFiles/CMakeTmp»
/usr/bin/cmake -E cmake_progress_report /home/marco/catkin_ws4/src/ardrone_helpers/joy/build/CMakeFiles/CMakeTmp/CMakeFiles 1
Building C object CMakeFiles/cmTryCompileExec3483253592.dir/CheckFunctionExists.c.o
/usr/bin/cc   -DCHECK_FUNCTION_EXISTS=pthread_create   -o CMakeFiles/cmTryCompileExec3483253592.dir/CheckFunctionExists.c.o   -c /usr/share/cmake-2.8/Modules/CheckFunctionExists.c
Linking C executable cmTryCompileExec3483253592
/usr/bin/cmake -E cmake_link_script CMakeFiles/cmTryCompileExec3483253592.dir/link.txt --verbose=1
/usr/bin/cc   -DCHECK_FUNCTION_EXISTS=pthread_create    CMakeFiles/cmTryCompileExec3483253592.dir/CheckFunctionExists.c.o  -o cmTryCompileExec3483253592 -rdynamic -lpthreads 
/usr/bin/ld: no se puede encontrar -lpthreads
collect2: error: ld returned 1 exit status
make[2]: *** [cmTryCompileExec3483253592] Error 1
make[2]: se sale del directorio «/home/marco/catkin_ws4/src/ardrone_helpers/joy/build/CMakeFiles/CMakeTmp»
make[1]: *** [cmTryCompileExec3483253592/fast] Error 2
make[1]: se sale del directorio «/home/marco/catkin_ws4/src/ardrone_helpers/joy/build/CMakeFiles/CMakeTmp»


